f:\cutility\damonsutility\damonsutility\x64\debug\vc141.pdb
f:\cutility\damonsutility\damonsutility\x64\debug\vc141.idb
f:\cutility\damonsutility\damonsutility\x64\debug\utilitymain.obj
f:\cutility\x64\debug\damonsutility.lib
f:\cutility\x64\debug\damonsutility.exp
f:\cutility\damonsutility\lib\debug\damonsutility_d.lib
f:\cutility\damonsutility\lib\debug\damonsutility_d.exp
f:\cutility\damonsutility\lib\debug\damonsutility_d.exe
f:\cutility\damonsutility\lib\debug\damonsutility_d.ilk
f:\cutility\damonsutility\lib\debug\damonsutility_d.pdb
f:\cutility\damonsutility\damonsutility\x64\debug\damonsutility.tlog\cl.command.1.tlog
f:\cutility\damonsutility\damonsutility\x64\debug\damonsutility.tlog\cl.read.1.tlog
f:\cutility\damonsutility\damonsutility\x64\debug\damonsutility.tlog\cl.write.1.tlog
f:\cutility\damonsutility\damonsutility\x64\debug\damonsutility.tlog\damonsutility.write.1u.tlog
f:\cutility\damonsutility\damonsutility\x64\debug\damonsutility.tlog\link.10248.delete.1.tlog
f:\cutility\damonsutility\damonsutility\x64\debug\damonsutility.tlog\link.10400.delete.1.tlog
f:\cutility\damonsutility\damonsutility\x64\debug\damonsutility.tlog\link.10928.delete.1.tlog
f:\cutility\damonsutility\damonsutility\x64\debug\damonsutility.tlog\link.11612.delete.1.tlog
f:\cutility\damonsutility\damonsutility\x64\debug\damonsutility.tlog\link.1432.delete.1.tlog
f:\cutility\damonsutility\damonsutility\x64\debug\damonsutility.tlog\link.15324.delete.1.tlog
f:\cutility\damonsutility\damonsutility\x64\debug\damonsutility.tlog\link.15760.delete.1.tlog
f:\cutility\damonsutility\damonsutility\x64\debug\damonsutility.tlog\link.16072.delete.1.tlog
f:\cutility\damonsutility\damonsutility\x64\debug\damonsutility.tlog\link.18076.delete.1.tlog
f:\cutility\damonsutility\damonsutility\x64\debug\damonsutility.tlog\link.18412.delete.1.tlog
f:\cutility\damonsutility\damonsutility\x64\debug\damonsutility.tlog\link.18448.delete.1.tlog
f:\cutility\damonsutility\damonsutility\x64\debug\damonsutility.tlog\link.1864.delete.1.tlog
f:\cutility\damonsutility\damonsutility\x64\debug\damonsutility.tlog\link.18732.delete.1.tlog
f:\cutility\damonsutility\damonsutility\x64\debug\damonsutility.tlog\link.19496.delete.1.tlog
f:\cutility\damonsutility\damonsutility\x64\debug\damonsutility.tlog\link.19600.delete.1.tlog
f:\cutility\damonsutility\damonsutility\x64\debug\damonsutility.tlog\link.1992.delete.1.tlog
f:\cutility\damonsutility\damonsutility\x64\debug\damonsutility.tlog\link.20296.delete.1.tlog
f:\cutility\damonsutility\damonsutility\x64\debug\damonsutility.tlog\link.23708.delete.1.tlog
f:\cutility\damonsutility\damonsutility\x64\debug\damonsutility.tlog\link.9564.delete.1.tlog
f:\cutility\damonsutility\damonsutility\x64\debug\damonsutility.tlog\link.command.1.tlog
f:\cutility\damonsutility\damonsutility\x64\debug\damonsutility.tlog\link.delete.1.tlog
f:\cutility\damonsutility\damonsutility\x64\debug\damonsutility.tlog\link.read.1.tlog
f:\cutility\damonsutility\damonsutility\x64\debug\damonsutility.tlog\link.write.1.tlog
