C:\Program Files (x86)\Microsoft Visual Studio\2017\Enterprise\Common7\IDE\VC\VCTargets\Microsoft.CppBuild.targets(377,5): warning MSB8004: Output 目录未以斜杠结尾。  此生成实例将添加斜杠，因为必须有这个斜杠才能正确计算 Output 目录。
  UtilityMain.cpp
f:\cutility\damonsutility\include\dlogger.h(98): warning C4251: “DLog::m_log_handle”: class“std::shared_ptr<spdlog::logger>”需要有 dll 接口由 class“DLog”的客户端使用
  f:\cutility\damonsutility\include\spdlog\logger.h(146): note: 参见“std::shared_ptr<spdlog::logger>”的声明
f:\cutility\damonsutility\include\dtimer.h(16): warning C4251: “DUtility::DTimer::start_time”: class“std::chrono::time_point<std::chrono::steady_clock,std::chrono::steady_clock::duration>”需要有 dll 接口由 class“DUtility::DTimer”的客户端使用
  c:\program files (x86)\microsoft visual studio\2017\enterprise\vc\tools\msvc\14.16.27023\include\chrono(795): note: 参见“std::chrono::time_point<std::chrono::steady_clock,std::chrono::steady_clock::duration>”的声明
f:\cutility\damonsutility\include\dpath.h(577): warning C4251: “DUtility::DPath::m_path”: class“std::vector<std::string,std::allocator<_Ty>>”需要有 dll 接口由 class“DUtility::DPath”的客户端使用
          with
          [
              _Ty=std::string
          ]
  f:\cutility\damonsutility\include\dpath.h(459): note: 参见“std::vector<std::string,std::allocator<_Ty>>”的声明
          with
          [
              _Ty=std::string
          ]
f:\cutility\damonsutility\include\dpath.h(578): warning C4251: “DUtility::DPath::m_originString”: class“std::basic_string<char,std::char_traits<char>,std::allocator<char>>”需要有 dll 接口由 class“DUtility::DPath”的客户端使用
  c:\program files (x86)\microsoft visual studio\2017\enterprise\vc\tools\msvc\14.16.27023\include\xstring(4373): note: 参见“std::basic_string<char,std::char_traits<char>,std::allocator<char>>”的声明
f:\cutility\damonsutility\include\dpath.h(381): warning C4267: “初始化”: 从“size_t”转换到“int”，可能丢失数据
f:\cutility\damonsutility\include\dpath.h(415): warning C4267: “初始化”: 从“size_t”转换到“int”，可能丢失数据
    正在创建库 F:\CUtility\DamonsUtility\lib\Release\DamonsUtility_r.lib 和对象 F:\CUtility\DamonsUtility\lib\Release\DamonsUtility_r.exp
  正在生成代码
  All 3235 functions were compiled because no usable IPDB/IOBJ from previous compilation was found.
  已完成代码的生成
  DamonsUtility.vcxproj -> F:\CUtility\DamonsUtility\lib\Release\DamonsUtility_r.dll
